<?xml version="1.0" encoding="UTF-8"?>
<testsuite xmlns:xsi="http://www.w3.org/2001/XMLSchema-instance" xsi:noNamespaceSchemaLocation="https://maven.apache.org/surefire/maven-surefire-plugin/xsd/surefire-test-report-3.0.xsd" version="3.0" name="br.edu.ifsul.cc.lpoo.lpoo_studio_danca.TestPersistencia" time="1.409" tests="1" errors="0" skipped="0" failures="0">
  <properties>
[...]
</properties>
  <testcase name="testeConexao" classname="br.edu.ifsul.cc.lpoo.lpoo_studio_danca.TestPersistencia" time="1.382">
    <system-out><![CDATA[Hibernate: drop table if exists Modalidade cascade
Hibernate: drop table if exists Pacote cascade
Hibernate: drop table if exists Pagamento cascade
Hibernate: drop table if exists Pessoa cascade
Hibernate: drop sequence if exists hibernate_sequence
Hibernate: create sequence hibernate_sequence start 1 increment 1
Hibernate: create table Modalidade (id int4 not null, descricao varchar(255), primary key (id))
Hibernate: create table Pacote (id int4 not null, descricao varchar(255), valor float8, primary key (id))
Hibernate: create table Pagamento (id int4 not null, dataPgto date, dataVcto date, valor float8, primary key (id))
Hibernate: create table Pessoa (tipo varchar(31) not null, id int4 not null, dataAniver date, email varchar(255), endereco varchar(255), fone varchar(255), nome varchar(255), dataInicio date, diaPgto int4, primary key (id))
Conexão com o banco realizada!
]]></system-out>
    <system-err><![CDATA[Apr 10, 2024 10:33:07 AM org.hibernate.ejb.HibernatePersistence logDeprecation
WARN: HHH015016: Encountered a deprecated javax.persistence.spi.PersistenceProvider [org.hibernate.ejb.HibernatePersistence]; use [org.hibernate.jpa.HibernatePersistenceProvider] instead.
Apr 10, 2024 10:33:07 AM org.hibernate.ejb.HibernatePersistence logDeprecation
WARN: HHH015016: Encountered a deprecated javax.persistence.spi.PersistenceProvider [org.hibernate.ejb.HibernatePersistence]; use [org.hibernate.jpa.HibernatePersistenceProvider] instead.
Apr 10, 2024 10:33:07 AM org.hibernate.jpa.internal.util.LogHelper logPersistenceUnitInformation
INFO: HHH000204: Processing PersistenceUnitInfo [
	name: pu_studio_danca
	...]
Apr 10, 2024 10:33:07 AM org.hibernate.Version logVersion
INFO: HHH000412: Hibernate Core {5.3.3.Final}
Apr 10, 2024 10:33:07 AM org.hibernate.cfg.Environment <clinit>
INFO: HHH000206: hibernate.properties not found
Apr 10, 2024 10:33:07 AM org.hibernate.annotations.common.reflection.java.JavaReflectionManager <clinit>
INFO: HCANN000001: Hibernate Commons Annotations {5.0.4.Final}
Apr 10, 2024 10:33:07 AM org.hibernate.engine.jdbc.connections.internal.DriverManagerConnectionProviderImpl configure
WARN: HHH10001002: Using Hibernate built-in connection pool (not for production use!)
Apr 10, 2024 10:33:07 AM org.hibernate.engine.jdbc.connections.internal.DriverManagerConnectionProviderImpl buildCreator
INFO: HHH10001005: using driver [org.postgresql.Driver] at URL [jdbc:postgresql://localhost:5432/lpoo_studio_danca]
Apr 10, 2024 10:33:07 AM org.hibernate.engine.jdbc.connections.internal.DriverManagerConnectionProviderImpl buildCreator
INFO: HHH10001001: Connection properties: {password=****, user=postgres}
Apr 10, 2024 10:33:07 AM org.hibernate.engine.jdbc.connections.internal.DriverManagerConnectionProviderImpl buildCreator
INFO: HHH10001003: Autocommit mode: false
Apr 10, 2024 10:33:07 AM org.hibernate.engine.jdbc.connections.internal.DriverManagerConnectionProviderImpl$PooledConnections <init>
INFO: HHH000115: Hibernate connection pool size: 20 (min=1)
Apr 10, 2024 10:33:07 AM org.hibernate.dialect.Dialect <init>
INFO: HHH000400: Using dialect: org.hibernate.dialect.PostgreSQLDialect
Apr 10, 2024 10:33:07 AM org.hibernate.engine.jdbc.env.internal.LobCreatorBuilderImpl useContextualLobCreation
INFO: HHH000424: Disabling contextual LOB creation as createClob() method threw error : java.lang.reflect.InvocationTargetException
Apr 10, 2024 10:33:07 AM org.hibernate.type.BasicTypeRegistry register
INFO: HHH000270: Type registration [java.util.UUID] overrides previous : org.hibernate.type.UUIDBinaryType@7fe083b1
Apr 10, 2024 10:33:08 AM org.hibernate.resource.transaction.backend.jdbc.internal.DdlTransactionIsolatorNonJtaImpl getIsolatedConnection
INFO: HHH10001501: Connection obtained from JdbcConnectionAccess [org.hibernate.engine.jdbc.env.internal.JdbcEnvironmentInitiator$ConnectionProviderJdbcConnectionAccess@2d7a9786] for (non-JTA) DDL execution was not in auto-commit mode; the Connection 'local transaction' will be committed and the Connection will be set into auto-commit mode.
Apr 10, 2024 10:33:08 AM org.hibernate.resource.transaction.backend.jdbc.internal.DdlTransactionIsolatorNonJtaImpl getIsolatedConnection
INFO: HHH10001501: Connection obtained from JdbcConnectionAccess [org.hibernate.engine.jdbc.env.internal.JdbcEnvironmentInitiator$ConnectionProviderJdbcConnectionAccess@25673087] for (non-JTA) DDL execution was not in auto-commit mode; the Connection 'local transaction' will be committed and the Connection will be set into auto-commit mode.
Apr 10, 2024 10:33:08 AM org.hibernate.tool.schema.internal.SchemaCreatorImpl applyImportSources
INFO: HHH000476: Executing import script 'org.hibernate.tool.schema.internal.exec.ScriptSourceInputNonExistentImpl@65f651eb'
]]></system-err>
  </testcase>
</testsuite>